<?xml version="1.0" encoding="UTF-8"?>
<testng-results ignored="0" total="1" passed="1" failed="0" skipped="0">
  <reporter-output>
  </reporter-output>
  <suite started-at="2022-01-31T18:41:00Z" name="Default suite" finished-at="2022-01-31T18:41:15Z" duration-ms="15364">
    <groups>
    </groups>
    <test started-at="2022-01-31T18:41:00Z" name="Default test" finished-at="2022-01-31T18:41:15Z" duration-ms="15364">
      <class name="com.tests.TC_Verify_AddToCart">
        <test-method is-config="true" signature="beforeMethod()[pri:0, instance:com.tests.TC_Verify_AddToCart@68702e03]" started-at="2022-01-31T18:41:00Z" name="beforeMethod" finished-at="2022-01-31T18:41:09Z" duration-ms="9536" status="PASS">
          <reporter-output>
          </reporter-output>
        </test-method> <!-- beforeMethod -->
        <test-method signature="f()[pri:0, instance:com.tests.TC_Verify_AddToCart@68702e03]" started-at="2022-01-31T18:41:09Z" name="f" finished-at="2022-01-31T18:41:14Z" duration-ms="4471" status="PASS">
          <reporter-output>
          </reporter-output>
        </test-method> <!-- f -->
        <test-method is-config="true" signature="afterMethod()[pri:0, instance:com.tests.TC_Verify_AddToCart@68702e03]" started-at="2022-01-31T18:41:14Z" name="afterMethod" finished-at="2022-01-31T18:41:15Z" duration-ms="1305" status="PASS">
          <reporter-output>
          </reporter-output>
        </test-method> <!-- afterMethod -->
      </class> <!-- com.tests.TC_Verify_AddToCart -->
    </test> <!-- Default test -->
  </suite> <!-- Default suite -->
</testng-results>
